# JRE version: Java(TM) SE Runtime Environment (10.0.2+13) (build 10.0.2+13)
# Java VM: Java HotSpot(TM) 64-Bit Server VM (10.0.2+13, mixed mode, tiered, compressed oops, g1 gc, windows-amd64)
Heap:
 garbage-first heap   total 1107968K, used 285259K [0x00000006c2a00000, 0x00000007c0000000)
  region size 1024K, 1 young (1024K), 1 survivors (1024K)
 Metaspace       used 18104K, capacity 18587K, committed 18816K, reserved 1064960K
  class space    used 2180K, capacity 2423K, committed 2432K, reserved 1048576K
GC Heap History (10 events):
Event: 2.678 GC heap after
{Heap after GC invocations=34 (full 0):
 garbage-first heap   total 347136K, used 162382K [0x00000006c2a00000, 0x00000007c0000000)
  region size 1024K, 1 young (1024K), 1 survivors (1024K)
 Metaspace       used 17982K, capacity 18424K, committed 18816K, reserved 1064960K
  class space    used 2159K, capacity 2390K, committed 2432K, reserved 1048576K
}
Event: 2.686 GC heap before
{Heap before GC invocations=35 (full 0):
 garbage-first heap   total 347136K, used 164430K [0x00000006c2a00000, 0x00000007c0000000)
  region size 1024K, 2 young (2048K), 1 survivors (1024K)
 Metaspace       used 17982K, capacity 18424K, committed 18816K, reserved 1064960K
  class space    used 2159K, capacity 2390K, committed 2432K, reserved 1048576K
}
Event: 2.692 GC heap after
{Heap after GC invocations=36 (full 0):
 garbage-first heap   total 553984K, used 164447K [0x00000006c2a00000, 0x00000007c0000000)
  region size 1024K, 1 young (1024K), 1 survivors (1024K)
 Metaspace       used 17982K, capacity 18424K, committed 18816K, reserved 1064960K
  class space    used 2159K, capacity 2390K, committed 2432K, reserved 1048576K
}
Event: 3.036 GC heap before
{Heap before GC invocations=37 (full 0):
 garbage-first heap   total 553984K, used 262751K [0x00000006c2a00000, 0x00000007c0000000)
  region size 1024K, 15 young (15360K), 1 survivors (1024K)
 Metaspace       used 18100K, capacity 18587K, committed 18816K, reserved 1064960K
  class space    used 2180K, capacity 2423K, committed 2432K, reserved 1048576K
}
Event: 3.037 GC heap after
{Heap after GC invocations=38 (full 0):
 garbage-first heap   total 553984K, used 247349K [0x00000006c2a00000, 0x00000007c0000000)
  region size 1024K, 1 young (1024K), 1 survivors (1024K)
 Metaspace       used 18100K, capacity 18587K, committed 18816K, reserved 1064960K
  class space    used 2180K, capacity 2423K, committed 2432K, reserved 1048576K
}
Event: 3.046 GC heap before
{Heap before GC invocations=39 (full 0):
 garbage-first heap   total 553984K, used 263733K [0x00000006c2a00000, 0x00000007c0000000)
  region size 1024K, 3 young (3072K), 1 survivors (1024K)
 Metaspace       used 18100K, capacity 18587K, committed 18816K, reserved 1064960K
  class space    used 2180K, capacity 2423K, committed 2432K, reserved 1048576K
}
Event: 3.047 GC heap after
{Heap after GC invocations=40 (full 0):
 garbage-first heap   total 553984K, used 262720K [0x00000006c2a00000, 0x00000007c0000000)
  region size 1024K, 1 young (1024K), 1 survivors (1024K)
 Metaspace       used 18100K, capacity 18587K, committed 18816K, reserved 1064960K
  class space    used 2180K, capacity 2423K, committed 2432K, reserved 1048576K
}
Event: 3.057 GC heap before
{Heap before GC invocations=41 (full 0):
 garbage-first heap   total 553984K, used 275008K [0x00000006c2a00000, 0x00000007c0000000)
  region size 1024K, 3 young (3072K), 1 survivors (1024K)
 Metaspace       used 18104K, capacity 18587K, committed 18816K, reserved 1064960K
  class space    used 2180K, capacity 2423K, committed 2432K, reserved 1048576K
}
Event: 3.058 GC heap after
{Heap after GC invocations=42 (full 0):
 garbage-first heap   total 553984K, used 273987K [0x00000006c2a00000, 0x00000007c0000000)
  region size 1024K, 1 young (1024K), 1 survivors (1024K)
 Metaspace       used 18104K, capacity 18587K, committed 18816K, reserved 1064960K
  class space    used 2180K, capacity 2423K, committed 2432K, reserved 1048576K
}
Event: 3.067 GC heap before
{Heap before GC invocations=43 (full 0):
 garbage-first heap   total 553984K, used 285251K [0x00000006c2a00000, 0x00000007c0000000)
  region size 1024K, 2 young (2048K), 1 survivors (1024K)
 Metaspace       used 18104K, capacity 18587K, committed 18816K, reserved 1064960K
  class space    used 2180K, capacity 2423K, committed 2432K, reserved 1048576K
}

